c:\users\administrator\source\repos\newgamehack\newgamehack\x64\release\vc143.pdb
c:\users\administrator\source\repos\newgamehack\newgamehack\x64\release\virtualmemory.obj
c:\users\administrator\source\repos\newgamehack\newgamehack\x64\release\process.obj
c:\users\administrator\source\repos\newgamehack\newgamehack\x64\release\pe_logic.obj
c:\users\administrator\source\repos\newgamehack\newgamehack\x64\release\new_main.obj
c:\users\administrator\source\repos\newgamehack\newgamehack\x64\release\memwrite.obj
c:\users\administrator\source\repos\newgamehack\newgamehack\x64\release\memscan.obj
c:\users\administrator\source\repos\newgamehack\newgamehack\x64\release\memdump.obj
c:\users\administrator\source\repos\newgamehack\newgamehack\x64\release\main.obj
c:\users\administrator\source\repos\newgamehack\newgamehack\x64\release\ioctl_routines.obj
c:\users\administrator\source\repos\newgamehack\newgamehack\x64\release\hardwarebp.obj
c:\users\administrator\source\repos\newgamehack\newgamehack\x64\release\getprocessapiaddress.obj
c:\users\administrator\source\repos\newgamehack\newgamehack\x64\release\dll_injection.obj
c:\users\administrator\source\repos\newgamehack\newgamehack\x64\release\devicecreate.obj
c:\users\administrator\source\repos\newgamehack\x64\release\newgamehack\newgamehack.cat
c:\users\administrator\source\repos\newgamehack\x64\release\newgamehack.sys
c:\users\administrator\source\repos\newgamehack\x64\release\newgamehack.pdb
c:\users\administrator\source\repos\newgamehack\newgamehack\x64\release\newgamehack.inf
c:\users\administrator\source\repos\newgamehack\x64\release\newgamehack.cer
c:\users\administrator\source\repos\newgamehack\x64\release\newgamehack.inf
c:\users\administrator\source\repos\newgamehack\newgamehack\x64\release\newgamehack.tlog\cl.command.1.tlog
c:\users\administrator\source\repos\newgamehack\newgamehack\x64\release\newgamehack.tlog\cl.items.tlog
c:\users\administrator\source\repos\newgamehack\newgamehack\x64\release\newgamehack.tlog\cl.read.1.tlog
c:\users\administrator\source\repos\newgamehack\newgamehack\x64\release\newgamehack.tlog\cl.write.1.tlog
c:\users\administrator\source\repos\newgamehack\newgamehack\x64\release\newgamehack.tlog\inf2cat-expand.38556.read.1.tlog
c:\users\administrator\source\repos\newgamehack\newgamehack\x64\release\newgamehack.tlog\inf2cat-expand.38556.write.1.tlog
c:\users\administrator\source\repos\newgamehack\newgamehack\x64\release\newgamehack.tlog\inf2cat-expand.read.1.tlog
c:\users\administrator\source\repos\newgamehack\newgamehack\x64\release\newgamehack.tlog\inf2cat-expand.write.1.tlog
c:\users\administrator\source\repos\newgamehack\newgamehack\x64\release\newgamehack.tlog\inf2cat.command.1.tlog
c:\users\administrator\source\repos\newgamehack\newgamehack\x64\release\newgamehack.tlog\inf2cat.read.1.tlog
c:\users\administrator\source\repos\newgamehack\newgamehack\x64\release\newgamehack.tlog\inf2cat.write.1.tlog
c:\users\administrator\source\repos\newgamehack\newgamehack\x64\release\newgamehack.tlog\link.command.1.tlog
c:\users\administrator\source\repos\newgamehack\newgamehack\x64\release\newgamehack.tlog\link.read.1.tlog
c:\users\administrator\source\repos\newgamehack\newgamehack\x64\release\newgamehack.tlog\link.secondary.1.tlog
c:\users\administrator\source\repos\newgamehack\newgamehack\x64\release\newgamehack.tlog\link.write.1.tlog
c:\users\administrator\source\repos\newgamehack\newgamehack\x64\release\newgamehack.tlog\signtool.command.1.tlog
c:\users\administrator\source\repos\newgamehack\newgamehack\x64\release\newgamehack.tlog\signtool.read.1.tlog
c:\users\administrator\source\repos\newgamehack\newgamehack\x64\release\newgamehack.tlog\signtool.timestamp.1.tlog
c:\users\administrator\source\repos\newgamehack\newgamehack\x64\release\newgamehack.tlog\signtool.write.1.tlog
c:\users\administrator\source\repos\newgamehack\newgamehack\x64\release\newgamehack.tlog\stampinf.command.1.tlog
c:\users\administrator\source\repos\newgamehack\newgamehack\x64\release\newgamehack.tlog\stampinf.read.1.tlog
c:\users\administrator\source\repos\newgamehack\newgamehack\x64\release\newgamehack.tlog\stampinf.write.1.tlog
