c:\users\administrator\source\repos\gamehackclient\gamehackclient\x64\debug\vc143.pdb
c:\users\administrator\source\repos\gamehackclient\gamehackclient\x64\debug\vc143.idb
c:\users\administrator\source\repos\gamehackclient\gamehackclient\x64\debug\namedpipe.obj
c:\users\administrator\source\repos\gamehackclient\gamehackclient\x64\debug\main.obj
c:\users\administrator\source\repos\gamehackclient\gamehackclient\x64\debug\ioctl_manager.obj
c:\users\administrator\source\repos\gamehackclient\gamehackclient\x64\debug\fileio.obj
c:\users\administrator\source\repos\gamehackclient\gamehackclient\x64\debug\converter.obj
c:\users\administrator\source\repos\gamehackclient\gamehackclient\x64\debug\base64.obj
c:\users\administrator\source\repos\gamehackclient\x64\debug\uv.dll
c:\users\administrator\source\repos\gamehackclient\x64\debug\zlibd1.dll
c:\users\administrator\source\repos\gamehackclient\x64\debug\gamehackclient.exe
c:\users\administrator\source\repos\gamehackclient\x64\debug\gamehackclient.pdb
c:\users\administrator\source\repos\gamehackclient\gamehackclient\x64\debug\gamehackclient.ilk
c:\users\administrator\source\repos\gamehackclient\gamehackclient\x64\debug\gamehackclient.tlog\cl.command.1.tlog
c:\users\administrator\source\repos\gamehackclient\gamehackclient\x64\debug\gamehackclient.tlog\cl.items.tlog
c:\users\administrator\source\repos\gamehackclient\gamehackclient\x64\debug\gamehackclient.tlog\cl.read.1.tlog
c:\users\administrator\source\repos\gamehackclient\gamehackclient\x64\debug\gamehackclient.tlog\cl.write.1.tlog
c:\users\administrator\source\repos\gamehackclient\gamehackclient\x64\debug\gamehackclient.tlog\gamehackclient.write.1u.tlog
c:\users\administrator\source\repos\gamehackclient\gamehackclient\x64\debug\gamehackclient.tlog\link.command.1.tlog
c:\users\administrator\source\repos\gamehackclient\gamehackclient\x64\debug\gamehackclient.tlog\link.read.1.tlog
c:\users\administrator\source\repos\gamehackclient\gamehackclient\x64\debug\gamehackclient.tlog\link.secondary.1.tlog
c:\users\administrator\source\repos\gamehackclient\gamehackclient\x64\debug\gamehackclient.tlog\link.write.1.tlog
